# JRE version: OpenJDK Runtime Environment (17.0.11) (build 17.0.11+0--11852314)
# Java VM: OpenJDK 64-Bit Server VM (17.0.11+0--11852314, mixed mode, tiered, compressed oops, compressed class ptrs, g1 gc, windows-amd64)
GC Precious Log:
 CPUs: 32 total, 32 available
 Memory: 32412M
 Large Page Support: Disabled
 NUMA Support: Disabled
 Compressed Oops: Enabled (32-bit)
 Heap Region Size: 1M
 Heap Min Capacity: 8M
 Heap Initial Capacity: 508M
 Heap Max Capacity: 2G
 Pre-touch: Disabled
 Parallel Workers: 23
 Concurrent Workers: 6
 Concurrent Refinement Workers: 23
 Periodic GC: Disabled
Heap:
 garbage-first heap   total 269312K, used 131704K [0x0000000080000000, 0x0000000100000000)
  region size 1024K, 10 young (10240K), 10 survivors (10240K)
 Metaspace       used 154268K, committed 155008K, reserved 1245184K
  class space    used 20724K, committed 21056K, reserved 1048576K
GC Heap History (20 events):
Event: 30.901 GC heap after
{Heap after GC invocations=39 (full 0):
 garbage-first heap   total 269312K, used 122304K [0x0000000080000000, 0x0000000100000000)
  region size 1024K, 2 young (2048K), 2 survivors (2048K)
 Metaspace       used 116418K, committed 117312K, reserved 1179648K
  class space    used 15900K, committed 16320K, reserved 1048576K
}
Event: 1489.671 GC heap before
{Heap before GC invocations=39 (full 0):
 garbage-first heap   total 269312K, used 219584K [0x0000000080000000, 0x0000000100000000)
  region size 1024K, 97 young (99328K), 2 survivors (2048K)
 Metaspace       used 117113K, committed 117952K, reserved 1179648K
  class space    used 15919K, committed 16320K, reserved 1048576K
}
Event: 1489.699 GC heap after
{Heap after GC invocations=40 (full 0):
 garbage-first heap   total 269312K, used 128482K [0x0000000080000000, 0x0000000100000000)
  region size 1024K, 8 young (8192K), 8 survivors (8192K)
 Metaspace       used 117113K, committed 117952K, reserved 1179648K
  class space    used 15919K, committed 16320K, reserved 1048576K
}
Event: 6241.271 GC heap before
{Heap before GC invocations=41 (full 0):
 garbage-first heap   total 269312K, used 219618K [0x0000000080000000, 0x0000000100000000)
  region size 1024K, 97 young (99328K), 8 survivors (8192K)
 Metaspace       used 117194K, committed 118080K, reserved 1179648K
  class space    used 15924K, committed 16384K, reserved 1048576K
}
Event: 6241.316 GC heap after
{Heap after GC invocations=42 (full 0):
 garbage-first heap   total 269312K, used 129150K [0x0000000080000000, 0x0000000100000000)
  region size 1024K, 7 young (7168K), 7 survivors (7168K)
 Metaspace       used 117194K, committed 118080K, reserved 1179648K
  class space    used 15924K, committed 16384K, reserved 1048576K
}
Event: 6560.866 GC heap before
{Heap before GC invocations=42 (full 0):
 garbage-first heap   total 269312K, used 135294K [0x0000000080000000, 0x0000000100000000)
  region size 1024K, 13 young (13312K), 7 survivors (7168K)
 Metaspace       used 117194K, committed 118080K, reserved 1179648K
  class space    used 15924K, committed 16384K, reserved 1048576K
}
Event: 6560.888 GC heap after
{Heap after GC invocations=43 (full 0):
 garbage-first heap   total 269312K, used 121749K [0x0000000080000000, 0x0000000100000000)
  region size 1024K, 1 young (1024K), 1 survivors (1024K)
 Metaspace       used 117194K, committed 118080K, reserved 1179648K
  class space    used 15924K, committed 16384K, reserved 1048576K
}
Event: 10620.215 GC heap before
{Heap before GC invocations=43 (full 0):
 garbage-first heap   total 269312K, used 222101K [0x0000000080000000, 0x0000000100000000)
  region size 1024K, 100 young (102400K), 1 survivors (1024K)
 Metaspace       used 119515K, committed 120448K, reserved 1179648K
  class space    used 16402K, committed 16832K, reserved 1048576K
}
Event: 10620.218 GC heap after
{Heap after GC invocations=44 (full 0):
 garbage-first heap   total 269312K, used 122221K [0x0000000080000000, 0x0000000100000000)
  region size 1024K, 2 young (2048K), 2 survivors (2048K)
 Metaspace       used 119515K, committed 120448K, reserved 1179648K
  class space    used 16402K, committed 16832K, reserved 1048576K
}
Event: 10620.815 GC heap before
{Heap before GC invocations=44 (full 0):
 garbage-first heap   total 269312K, used 191853K [0x0000000080000000, 0x0000000100000000)
  region size 1024K, 72 young (73728K), 2 survivors (2048K)
 Metaspace       used 130498K, committed 131456K, reserved 1179648K
  class space    used 18095K, committed 18560K, reserved 1048576K
}
Event: 10620.818 GC heap after
{Heap after GC invocations=45 (full 0):
 garbage-first heap   total 269312K, used 124159K [0x0000000080000000, 0x0000000100000000)
  region size 1024K, 4 young (4096K), 4 survivors (4096K)
 Metaspace       used 130498K, committed 131456K, reserved 1179648K
  class space    used 18095K, committed 18560K, reserved 1048576K
}
Event: 10621.347 GC heap before
{Heap before GC invocations=46 (full 0):
 garbage-first heap   total 269312K, used 239871K [0x0000000080000000, 0x0000000100000000)
  region size 1024K, 104 young (106496K), 4 survivors (4096K)
 Metaspace       used 137627K, committed 138368K, reserved 1179648K
  class space    used 18850K, committed 19200K, reserved 1048576K
}
Event: 10621.357 GC heap after
{Heap after GC invocations=47 (full 0):
 garbage-first heap   total 269312K, used 144122K [0x0000000080000000, 0x0000000100000000)
  region size 1024K, 13 young (13312K), 13 survivors (13312K)
 Metaspace       used 137627K, committed 138368K, reserved 1179648K
  class space    used 18850K, committed 19200K, reserved 1048576K
}
Event: 10621.363 GC heap before
{Heap before GC invocations=47 (full 0):
 garbage-first heap   total 269312K, used 144122K [0x0000000080000000, 0x0000000100000000)
  region size 1024K, 14 young (14336K), 13 survivors (13312K)
 Metaspace       used 137766K, committed 138496K, reserved 1179648K
  class space    used 18859K, committed 19200K, reserved 1048576K
}
Event: 10621.371 GC heap after
{Heap after GC invocations=48 (full 0):
 garbage-first heap   total 269312K, used 125969K [0x0000000080000000, 0x0000000100000000)
  region size 1024K, 1 young (1024K), 1 survivors (1024K)
 Metaspace       used 137766K, committed 138496K, reserved 1179648K
  class space    used 18859K, committed 19200K, reserved 1048576K
}
Event: 10621.444 GC heap before
{Heap before GC invocations=48 (full 0):
 garbage-first heap   total 269312K, used 137233K [0x0000000080000000, 0x0000000100000000)
  region size 1024K, 13 young (13312K), 1 survivors (1024K)
 Metaspace       used 139521K, committed 140160K, reserved 1179648K
  class space    used 18972K, committed 19264K, reserved 1048576K
}
Event: 10621.448 GC heap after
{Heap after GC invocations=49 (full 0):
 garbage-first heap   total 269312K, used 122802K [0x0000000080000000, 0x0000000100000000)
  region size 1024K, 2 young (2048K), 2 survivors (2048K)
 Metaspace       used 139521K, committed 140160K, reserved 1179648K
  class space    used 18972K, committed 19264K, reserved 1048576K
}
Event: 10621.857 GC heap before
{Heap before GC invocations=49 (full 0):
 garbage-first heap   total 269312K, used 193458K [0x0000000080000000, 0x0000000100000000)
  region size 1024K, 72 young (73728K), 2 survivors (2048K)
 Metaspace       used 148508K, committed 149248K, reserved 1179648K
  class space    used 20087K, committed 20416K, reserved 1048576K
}
Event: 10621.860 GC heap after
{Heap after GC invocations=50 (full 0):
 garbage-first heap   total 269312K, used 125959K [0x0000000080000000, 0x0000000100000000)
  region size 1024K, 5 young (5120K), 5 survivors (5120K)
 Metaspace       used 148508K, committed 149248K, reserved 1179648K
  class space    used 20087K, committed 20416K, reserved 1048576K
}
Event: 10622.321 GC heap before
{Heap before GC invocations=51 (full 0):
 garbage-first heap   total 269312K, used 221191K [0x0000000080000000, 0x0000000100000000)
  region size 1024K, 97 young (99328K), 5 survivors (5120K)
 Metaspace       used 154268K, committed 155008K, reserved 1245184K
  class space    used 20724K, committed 21056K, reserved 1048576K
}

